{"/Users/MAC/Desktop/HR/hrsf101-front-end-capstone/config/keys.js": {"path":"/Users/MAC/Desktop/HR/hrsf101-front-end-capstone/config/keys.js","statementMap":{"0":{"start":{"line":1,"column":0},"end":{"line":null,"column":-1}}},"fnMap":{},"branchMap":{},"s":{"0":0},"f":{},"b":{}}
,"/Users/MAC/Desktop/HR/hrsf101-front-end-capstone/database/index.js": {"path":"/Users/MAC/Desktop/HR/hrsf101-front-end-capstone/database/index.js","statementMap":{"0":{"start":{"line":1,"column":17},"end":{"line":1,"column":0}},"1":{"start":{"line":2,"column":11},"end":{"line":2,"column":0}},"2":{"start":{"line":5,"column":0},"end":{"line":null,"column":-1}},"3":{"start":{"line":7,"column":10},"end":{"line":null,"column":-1}},"4":{"start":{"line":8,"column":11},"end":{"line":null,"column":-1}},"5":{"start":{"line":11,"column":15},"end":{"line":11,"column":0}},"6":{"start":{"line":13,"column":21},"end":{"line":13,"column":0}},"7":{"start":{"line":33,"column":0},"end":{"line":null,"column":-1}}},"fnMap":{"0":{"name":"(anonymous_0)","decl":{"start":{"line":7,"column":10},"end":{"line":null,"column":-1}},"loc":{"start":{"line":7,"column":10},"end":{"line":5,"column":0}}},"1":{"name":"(anonymous_1)","decl":{"start":{"line":8,"column":11},"end":{"line":null,"column":-1}},"loc":{"start":{"line":8,"column":11},"end":{"line":5,"column":0}}}},"branchMap":{},"s":{"0":0,"1":0,"2":0,"3":0,"4":0,"5":0,"6":0,"7":0},"f":{"0":0,"1":0},"b":{}}
,"/Users/MAC/Desktop/HR/hrsf101-front-end-capstone/database/seeding_script.js": {"path":"/Users/MAC/Desktop/HR/hrsf101-front-end-capstone/database/seeding_script.js","statementMap":{"0":{"start":{"line":1,"column":14},"end":{"line":1,"column":0}},"1":{"start":{"line":2,"column":15},"end":{"line":2,"column":0}},"2":{"start":{"line":7,"column":0},"end":{"line":50,"column":1}},"3":{"start":{"line":9,"column":13},"end":{"line":9,"column":2}},"4":{"start":{"line":15,"column":2},"end":{"line":40,"column":3}},"5":{"start":{"line":16,"column":15},"end":{"line":16,"column":4}},"6":{"start":{"line":24,"column":4},"end":{"line":36,"column":5}},"7":{"start":{"line":25,"column":17},"end":{"line":25,"column":6}},"8":{"start":{"line":34,"column":6},"end":{"line":null,"column":-1}},"9":{"start":{"line":38,"column":4},"end":{"line":null,"column":-1}},"10":{"start":{"line":42,"column":2},"end":{"line":null,"column":-1}},"11":{"start":{"line":43,"column":4},"end":{"line":47,"column":5}},"12":{"start":{"line":44,"column":6},"end":{"line":null,"column":-1}},"13":{"start":{"line":46,"column":6},"end":{"line":null,"column":-1}}},"fnMap":{"0":{"name":"(anonymous_0)","decl":{"start":{"line":42,"column":22},"end":{"line":42,"column":31}},"loc":{"start":{"line":42,"column":43},"end":{"line":42,"column":2}}}},"branchMap":{"0":{"loc":{"start":{"line":43,"column":4},"end":{"line":47,"column":5}},"type":"if","locations":[{"start":{"line":43,"column":4},"end":{"line":47,"column":5}},{"start":{"line":43,"column":4},"end":{"line":47,"column":5}}]}},"s":{"0":0,"1":0,"2":0,"3":0,"4":0,"5":0,"6":0,"7":0,"8":0,"9":0,"10":0,"11":0,"12":0,"13":0},"f":{"0":0},"b":{"0":[0,0]}}
,"/Users/MAC/Desktop/HR/hrsf101-front-end-capstone/react-client/src/index.jsx": {"path":"/Users/MAC/Desktop/HR/hrsf101-front-end-capstone/react-client/src/index.jsx","statementMap":{"0":{"start":{"line":1,"column":0},"end":{"line":null,"column":-1}},"1":{"start":{"line":2,"column":0},"end":{"line":null,"column":-1}},"2":{"start":{"line":3,"column":0},"end":{"line":null,"column":-1}},"3":{"start":{"line":5,"column":0},"end":{"line":null,"column":-1}}},"fnMap":{},"branchMap":{},"s":{"0":0,"1":0,"2":0,"3":0},"f":{},"b":{}}
,"/Users/MAC/Desktop/HR/hrsf101-front-end-capstone/react-client/src/components/App.jsx": {"path":"/Users/MAC/Desktop/HR/hrsf101-front-end-capstone/react-client/src/components/App.jsx","statementMap":{"0":{"start":{"line":15,"column":4},"end":{"line":15,"column":17}},"1":{"start":{"line":17,"column":4},"end":{"line":25,"column":6}},"2":{"start":{"line":29,"column":18},"end":{"line":29,"column":53}},"3":{"start":{"line":30,"column":4},"end":{"line":30,"column":39}},"4":{"start":{"line":43,"column":18},"end":{"line":46,"column":6}},"5":{"start":{"line":48,"column":4},"end":{"line":73,"column":7}},"6":{"start":{"line":50,"column":6},"end":{"line":50,"column":39}},"7":{"start":{"line":52,"column":19},"end":{"line":52,"column":79}},"8":{"start":{"line":54,"column":6},"end":{"line":54,"column":43}},"9":{"start":{"line":56,"column":21},"end":{"line":56,"column":57}},"10":{"start":{"line":56,"column":51},"end":{"line":56,"column":56}},"11":{"start":{"line":57,"column":21},"end":{"line":57,"column":57}},"12":{"start":{"line":57,"column":51},"end":{"line":57,"column":56}},"13":{"start":{"line":58,"column":23},"end":{"line":58,"column":59}},"14":{"start":{"line":58,"column":53},"end":{"line":58,"column":58}},"15":{"start":{"line":59,"column":21},"end":{"line":59,"column":58}},"16":{"start":{"line":61,"column":6},"end":{"line":67,"column":9}},"17":{"start":{"line":62,"column":8},"end":{"line":63,"column":20}},"18":{"start":{"line":63,"column":10},"end":{"line":63,"column":20}},"19":{"start":{"line":64,"column":8},"end":{"line":65,"column":19}},"20":{"start":{"line":65,"column":10},"end":{"line":65,"column":19}},"21":{"start":{"line":66,"column":8},"end":{"line":66,"column":17}},"22":{"start":{"line":69,"column":6},"end":{"line":69,"column":38}},"23":{"start":{"line":71,"column":6},"end":{"line":71,"column":46}},"24":{"start":{"line":94,"column":4},"end":{"line":94,"column":193}},"25":{"start":{"line":94,"column":48},"end":{"line":94,"column":191}},"26":{"start":{"line":98,"column":4},"end":{"line":98,"column":47}},"27":{"start":{"line":104,"column":4},"end":{"line":124,"column":6}},"28":{"start":{"line":117,"column":84},"end":{"line":117,"column":131}}},"fnMap":{"0":{"name":"(anonymous_0)","decl":{"start":{"line":14,"column":2},"end":{"line":14,"column":3}},"loc":{"start":{"line":14,"column":21},"end":{"line":26,"column":1}},"line":14},"1":{"name":"(anonymous_1)","decl":{"start":{"line":28,"column":2},"end":{"line":28,"column":3}},"loc":{"start":{"line":28,"column":22},"end":{"line":91,"column":3}},"line":28},"2":{"name":"(anonymous_2)","decl":{"start":{"line":48,"column":17},"end":{"line":48,"column":18}},"loc":{"start":{"line":48,"column":27},"end":{"line":73,"column":5}},"line":48},"3":{"name":"(anonymous_3)","decl":{"start":{"line":56,"column":46},"end":{"line":56,"column":47}},"loc":{"start":{"line":56,"column":51},"end":{"line":56,"column":56}},"line":56},"4":{"name":"(anonymous_4)","decl":{"start":{"line":57,"column":46},"end":{"line":57,"column":47}},"loc":{"start":{"line":57,"column":51},"end":{"line":57,"column":56}},"line":57},"5":{"name":"(anonymous_5)","decl":{"start":{"line":58,"column":48},"end":{"line":58,"column":49}},"loc":{"start":{"line":58,"column":53},"end":{"line":58,"column":58}},"line":58},"6":{"name":"(anonymous_6)","decl":{"start":{"line":61,"column":20},"end":{"line":61,"column":21}},"loc":{"start":{"line":61,"column":29},"end":{"line":67,"column":7}},"line":61},"7":{"name":"(anonymous_7)","decl":{"start":{"line":93,"column":2},"end":{"line":93,"column":3}},"loc":{"start":{"line":93,"column":23},"end":{"line":95,"column":3}},"line":93},"8":{"name":"(anonymous_8)","decl":{"start":{"line":94,"column":39},"end":{"line":94,"column":40}},"loc":{"start":{"line":94,"column":48},"end":{"line":94,"column":191}},"line":94},"9":{"name":"(anonymous_9)","decl":{"start":{"line":97,"column":2},"end":{"line":97,"column":3}},"loc":{"start":{"line":97,"column":19},"end":{"line":99,"column":3}},"line":97},"10":{"name":"(anonymous_10)","decl":{"start":{"line":102,"column":2},"end":{"line":102,"column":3}},"loc":{"start":{"line":102,"column":12},"end":{"line":125,"column":3}},"line":102},"11":{"name":"(anonymous_11)","decl":{"start":{"line":117,"column":77},"end":{"line":117,"column":78}},"loc":{"start":{"line":117,"column":83},"end":{"line":117,"column":132}},"line":117}},"branchMap":{"0":{"loc":{"start":{"line":62,"column":8},"end":{"line":63,"column":20}},"type":"if","locations":[{"start":{"line":62,"column":8},"end":{"line":63,"column":20}},{"start":{"line":62,"column":8},"end":{"line":63,"column":20}}],"line":62},"1":{"loc":{"start":{"line":64,"column":8},"end":{"line":65,"column":19}},"type":"if","locations":[{"start":{"line":64,"column":8},"end":{"line":65,"column":19}},{"start":{"line":64,"column":8},"end":{"line":65,"column":19}}],"line":64},"2":{"loc":{"start":{"line":112,"column":9},"end":{"line":112,"column":78}},"type":"cond-expr","locations":[{"start":{"line":112,"column":31},"end":{"line":112,"column":55}},{"start":{"line":112,"column":58},"end":{"line":112,"column":78}}],"line":112}},"s":{"0":1,"1":1,"2":1,"3":1,"4":1,"5":0,"6":0,"7":0,"8":0,"9":0,"10":0,"11":0,"12":0,"13":0,"14":0,"15":0,"16":0,"17":0,"18":0,"19":0,"20":0,"21":0,"22":0,"23":0,"24":2,"25":0,"26":2,"27":2,"28":0},"f":{"0":1,"1":1,"2":0,"3":0,"4":0,"5":0,"6":0,"7":2,"8":0,"9":2,"10":2,"11":0},"b":{"0":[0,0],"1":[0,0],"2":[0,2]},"_coverageSchema":"332fd63041d2c1bcb487cc26dd0d5f7d97098a6c","hash":"b4bd6a077f79cf96b74c93482153ad1a04afec40"}
,"/Users/MAC/Desktop/HR/hrsf101-front-end-capstone/react-client/src/components/Song.jsx": {"path":"/Users/MAC/Desktop/HR/hrsf101-front-end-capstone/react-client/src/components/Song.jsx","statementMap":{"0":{"start":{"line":8,"column":8},"end":{"line":8,"column":21}},"1":{"start":{"line":10,"column":8},"end":{"line":10,"column":45}},"2":{"start":{"line":12,"column":8},"end":{"line":17,"column":10}},"3":{"start":{"line":21,"column":8},"end":{"line":21,"column":63}},"4":{"start":{"line":25,"column":8},"end":{"line":25,"column":69}},"5":{"start":{"line":29,"column":8},"end":{"line":29,"column":62}},"6":{"start":{"line":36,"column":8},"end":{"line":85,"column":10}},"7":{"start":{"line":37,"column":59},"end":{"line":37,"column":87}},"8":{"start":{"line":37,"column":108},"end":{"line":37,"column":137}}},"fnMap":{"0":{"name":"(anonymous_0)","decl":{"start":{"line":7,"column":4},"end":{"line":7,"column":5}},"loc":{"start":{"line":7,"column":23},"end":{"line":18,"column":5}},"line":7},"1":{"name":"(anonymous_1)","decl":{"start":{"line":20,"column":4},"end":{"line":20,"column":5}},"loc":{"start":{"line":20,"column":21},"end":{"line":22,"column":5}},"line":20},"2":{"name":"(anonymous_2)","decl":{"start":{"line":24,"column":4},"end":{"line":24,"column":5}},"loc":{"start":{"line":24,"column":19},"end":{"line":26,"column":5}},"line":24},"3":{"name":"(anonymous_3)","decl":{"start":{"line":28,"column":4},"end":{"line":28,"column":5}},"loc":{"start":{"line":28,"column":13},"end":{"line":30,"column":5}},"line":28},"4":{"name":"(anonymous_4)","decl":{"start":{"line":32,"column":4},"end":{"line":32,"column":5}},"loc":{"start":{"line":32,"column":14},"end":{"line":86,"column":5}},"line":32},"5":{"name":"(anonymous_5)","decl":{"start":{"line":37,"column":52},"end":{"line":37,"column":53}},"loc":{"start":{"line":37,"column":58},"end":{"line":37,"column":88}},"line":37},"6":{"name":"(anonymous_6)","decl":{"start":{"line":37,"column":102},"end":{"line":37,"column":103}},"loc":{"start":{"line":37,"column":108},"end":{"line":37,"column":137}},"line":37}},"branchMap":{"0":{"loc":{"start":{"line":46,"column":17},"end":{"line":46,"column":77}},"type":"cond-expr","locations":[{"start":{"line":46,"column":36},"end":{"line":46,"column":54}},{"start":{"line":46,"column":57},"end":{"line":46,"column":77}}],"line":46}},"s":{"0":0,"1":0,"2":0,"3":0,"4":0,"5":0,"6":0,"7":0,"8":0},"f":{"0":0,"1":0,"2":0,"3":0,"4":0,"5":0,"6":0},"b":{"0":[0,0]},"_coverageSchema":"332fd63041d2c1bcb487cc26dd0d5f7d97098a6c","hash":"2b3683e920d17c3789c6dbdcca4f557fac3fbac9"}
,"/Users/MAC/Desktop/HR/hrsf101-front-end-capstone/server/index.js": {"path":"/Users/MAC/Desktop/HR/hrsf101-front-end-capstone/server/index.js","statementMap":{"0":{"start":{"line":1,"column":16},"end":{"line":1,"column":0}},"1":{"start":{"line":2,"column":19},"end":{"line":2,"column":0}},"2":{"start":{"line":3,"column":15},"end":{"line":3,"column":0}},"3":{"start":{"line":5,"column":12},"end":{"line":5,"column":0}},"4":{"start":{"line":8,"column":0},"end":{"line":null,"column":-1}},"5":{"start":{"line":10,"column":0},"end":{"line":null,"column":-1}},"6":{"start":{"line":13,"column":0},"end":{"line":null,"column":-1}},"7":{"start":{"line":14,"column":17},"end":{"line":14,"column":2}},"8":{"start":{"line":15,"column":2},"end":{"line":null,"column":-1}},"9":{"start":{"line":16,"column":10},"end":{"line":null,"column":-1}},"10":{"start":{"line":17,"column":11},"end":{"line":null,"column":-1}},"11":{"start":{"line":22,"column":0},"end":{"line":null,"column":-1}},"12":{"start":{"line":23,"column":15},"end":{"line":23,"column":2}},"13":{"start":{"line":24,"column":6},"end":{"line":24,"column":2}},"14":{"start":{"line":25,"column":2},"end":{"line":null,"column":-1}},"15":{"start":{"line":27,"column":2},"end":{"line":null,"column":-1}},"16":{"start":{"line":29,"column":10},"end":{"line":null,"column":-1}},"17":{"start":{"line":30,"column":11},"end":{"line":null,"column":-1}},"18":{"start":{"line":34,"column":13},"end":{"line":34,"column":0}},"19":{"start":{"line":36,"column":0},"end":{"line":null,"column":-1}},"20":{"start":{"line":37,"column":2},"end":{"line":null,"column":-1}}},"fnMap":{"0":{"name":"(anonymous_0)","decl":{"start":{"line":13,"column":23},"end":{"line":13,"column":32}},"loc":{"start":{"line":13,"column":43},"end":{"line":13,"column":0}}},"1":{"name":"(anonymous_1)","decl":{"start":{"line":16,"column":10},"end":{"line":null,"column":-1}},"loc":{"start":{"line":16,"column":10},"end":{"line":15,"column":2}}},"2":{"name":"(anonymous_2)","decl":{"start":{"line":17,"column":11},"end":{"line":null,"column":-1}},"loc":{"start":{"line":17,"column":11},"end":{"line":15,"column":2}}},"3":{"name":"(anonymous_3)","decl":{"start":{"line":22,"column":27},"end":{"line":22,"column":36}},"loc":{"start":{"line":22,"column":47},"end":{"line":22,"column":0}}},"4":{"name":"(anonymous_4)","decl":{"start":{"line":29,"column":10},"end":{"line":null,"column":-1}},"loc":{"start":{"line":29,"column":10},"end":{"line":27,"column":2}}},"5":{"name":"(anonymous_5)","decl":{"start":{"line":30,"column":11},"end":{"line":null,"column":-1}},"loc":{"start":{"line":30,"column":11},"end":{"line":27,"column":2}}},"6":{"name":"(anonymous_6)","decl":{"start":{"line":36,"column":17},"end":{"line":36,"column":27}},"loc":{"start":{"line":36,"column":28},"end":{"line":36,"column":0}}}},"branchMap":{},"s":{"0":0,"1":0,"2":0,"3":0,"4":0,"5":0,"6":0,"7":0,"8":0,"9":0,"10":0,"11":0,"12":0,"13":0,"14":0,"15":0,"16":0,"17":0,"18":0,"19":0,"20":0},"f":{"0":0,"1":0,"2":0,"3":0,"4":0,"5":0,"6":0},"b":{}}
}
